Arguments: 
  /Users/rhuansouza/.nvm/versions/node/v6.11.2/bin/node /usr/local/Cellar/yarn/1.1.0/libexec/bin/yarn.js publish

PATH: 
  /Users/rhuansouza/.rvm/gems/ruby-2.3.3/bin:/Users/rhuansouza/.rvm/gems/ruby-2.3.3@global/bin:/Users/rhuansouza/.rvm/rubies/ruby-2.3.3/bin:/usr/local/php5/bin:/Users/rhuansouza/.nvm/versions/node/v6.11.2/bin:/usr/local/bin:/usr/bin:/bin:/usr/sbin:/sbin:/Users/rhuansouza/Library/Android/sdk/tools:/Users/rhuansouza/Library/Android/sdk/platform-tool:/Users/rhuansouza/.rvm/bin

Yarn version: 
  1.1.0

Node version: 
  6.11.2

Platform: 
  darwin x64

npm manifest: 
  {
    "name": "htmlform-builder",
    "version": "0.0.3",
    "description": "## Installation",
    "main": "index.js",
    "scripts": {
      "start": "node server.js"
    },
    "author": "Rhuan Santos",
    "license": "MIT",
    "repository": "git+https://github.com/Rhuansantos/form-builder.git",
    "keywords": [
      "html5",
      "forms",
      "form-builder"
    ],
    "bugs": {
      "url": "https://github.com/Rhuansantos/form-builder/issues"
    },
    "homepage": "https://github.com/Rhuansantos/form-builder#readme"
  }

yarn manifest: 
  No manifest

Lockfile: 
  No lockfile

Trace: 
  Error: https://registry.yarnpkg.com/htmlform-builder: You cannot publish over the previously published version 0.0.3.
      at Request.params.callback [as _callback] (/usr/local/Cellar/yarn/1.1.0/libexec/lib/cli.js:61779:18)
      at Request.self.callback (/usr/local/Cellar/yarn/1.1.0/libexec/lib/cli.js:121917:22)
      at emitTwo (events.js:106:13)
      at Request.emit (events.js:191:7)
      at Request.<anonymous> (/usr/local/Cellar/yarn/1.1.0/libexec/lib/cli.js:122900:10)
      at emitOne (events.js:96:13)
      at Request.emit (events.js:188:7)
      at Gunzip.<anonymous> (/usr/local/Cellar/yarn/1.1.0/libexec/lib/cli.js:122820:12)
      at Gunzip.g (events.js:292:16)
      at emitNone (events.js:91:20)
